<?xml version="1.0" encoding="UTF-8"?>
<!-- Generated by org.testng.reporters.JUnitReportReporter -->
<testsuite hostname="DESKTOP-M03O496" failures="0" tests="3" name="TestRunner.Runner" time="11.918" errors="0" timestamp="2024-01-17T13:21:23 IST" skipped="0">
  <testcase classname="TestRunner.Runner" name="runScenario" time="1.202"/>
  <system-out/>
  <testcase classname="TestRunner.Runner" name="runScenario" time="5.025"/>
  <system-out/>
  <testcase classname="TestRunner.Runner" name="runScenario" time="5.691"/>
  <system-out/>
</testsuite> <!-- TestRunner.Runner -->
